<?xml version="1.0" encoding="UTF-8"?>
<!-- Generated by org.testng.reporters.JUnitReportReporter -->
<testsuite skipped="0" hostname="Lenovo-PC" name="com.qa.testcases.GetEmployeeGMInfo" tests="1" failures="0" timestamp="23 Dec 2018 09:04:48 GMT" time="26.488" errors="0">
  <testcase name="getEmployeeGMTest" time="26.488" classname="com.qa.testcases.GetEmployeeGMInfo"/>
</testsuite> <!-- com.qa.testcases.GetEmployeeGMInfo -->
