<?xml version="1.0" encoding="UTF-8"?>
<!-- Generated by org.testng.reporters.JUnitReportReporter -->
<testsuite skipped="0" hostname="Lenovo-PC" name="com.qa.testcases.GetEmployeeCEOInfo" tests="1" failures="0" timestamp="23 Dec 2018 09:04:48 GMT" time="32.719" errors="0">
  <testcase name="getEmployeeCEOTest" time="32.719" classname="com.qa.testcases.GetEmployeeCEOInfo"/>
</testsuite> <!-- com.qa.testcases.GetEmployeeCEOInfo -->
