<?xml version="1.0" encoding="UTF-8"?>
<!-- Generated by org.testng.reporters.JUnitReportReporter -->
<testsuite skipped="0" hostname="Lenovo-PC" name="com.qa.testcases.GetEmployeeAllInfo" tests="1" failures="0" timestamp="20 Dec 2018 11:18:54 GMT" time="28.706" errors="0">
  <testcase name="getEmployeeAllDetailsTest" time="28.706" classname="com.qa.testcases.GetEmployeeAllInfo"/>
</testsuite> <!-- com.qa.testcases.GetEmployeeAllInfo -->
