<?xml version="1.0" encoding="UTF-8"?>
<!-- Generated by org.testng.reporters.JUnitReportReporter -->
<testsuite skipped="0" hostname="Lenovo-PC" name="com.qa.testcases.GetAPITest" tests="2" failures="0" timestamp="20 Dec 2018 08:50:11 GMT" time="1.153" errors="0">
  <testcase name="getEmployeeBaseTest" time="0.600" classname="com.qa.testcases.GetAPITest"/>
  <testcase name="getEmployeeManagerTest" time="0.553" classname="com.qa.testcases.GetAPITest"/>
</testsuite> <!-- com.qa.testcases.GetAPITest -->
