<?xml version="1.0" encoding="UTF-8"?>
<!-- Generated by org.testng.reporters.JUnitReportReporter -->
<testsuite skipped="0" hostname="Lenovo-PC" name="com.qa.testcases.GetEmployeePresidentInfo" tests="1" failures="0" timestamp="23 Dec 2018 09:04:48 GMT" time="26.995" errors="0">
  <testcase name="getEmployeePresidentTest" time="26.995" classname="com.qa.testcases.GetEmployeePresidentInfo"/>
</testsuite> <!-- com.qa.testcases.GetEmployeePresidentInfo -->
