<?xml version="1.0" encoding="UTF-8"?>
<!-- Generated by org.testng.reporters.JUnitReportReporter -->
<testsuite skipped="0" hostname="Lenovo-PC" name="com.qa.testcases.GetEmployeeVPInfo" tests="1" failures="0" timestamp="23 Dec 2018 09:04:48 GMT" time="26.292" errors="0">
  <testcase name="getEmployeeVPTest" time="26.292" classname="com.qa.testcases.GetEmployeeVPInfo"/>
</testsuite> <!-- com.qa.testcases.GetEmployeeVPInfo -->
