<?xml version="1.0" encoding="UTF-8"?>
<!-- Generated by org.testng.reporters.JUnitReportReporter -->
<testsuite skipped="0" hostname="Lenovo-PC" name="com.qa.testcases.GetEmployeeSectionManagerInfo" tests="1" failures="0" timestamp="23 Dec 2018 09:04:48 GMT" time="29.442" errors="0">
  <testcase name="getEmployeeSectionManagerTest" time="29.442" classname="com.qa.testcases.GetEmployeeSectionManagerInfo"/>
</testsuite> <!-- com.qa.testcases.GetEmployeeSectionManagerInfo -->
